#-----------------------------------------------------------
# Vivado v2025.1 (64-bit)
# SW Build 6140274 on Thu May 22 00:12:29 MDT 2025
# IP Build 6138677 on Thu May 22 03:10:11 MDT 2025
# SharedData Build 6139179 on Tue May 20 17:58:58 MDT 2025
# Start of session at: Mon Jan 12 16:43:41 2026
# Process ID         : 14004
# Current directory  : C:/Projects/croc_fpga/croc_aging_sensors_obi/croc-main/croc-main/xilinx/scripts
# Command line       : vivado.exe -mode batch -source program_fpga.tcl -tclargs C:\Projects\Vivado\aging_obi\bitstreams\croc_aging_phase-310.bit C:\Projects\Vivado\aging_obi\aging_obi.runs\impl_1\croc_xilinx.ltx xcau15p_0
# Log file           : C:/Projects/croc_fpga/croc_aging_sensors_obi/croc-main/croc-main/xilinx/scripts/vivado.log
# Journal file       : C:/Projects/croc_fpga/croc_aging_sensors_obi/croc-main/croc-main/xilinx/scripts\vivado.jou
# Running On         : LucasNogueira
# Platform           : Windows Server 2016 or Windows 10
# Operating System   : 26200
# Processor Detail   : 13th Gen Intel(R) Core(TM) i7-13700H
# CPU Frequency      : 2918 MHz
# CPU Physical cores : 14
# CPU Logical cores  : 20
# Host memory        : 25480 MB
# Swap memory        : 25769 MB
# Total Virtual      : 51250 MB
# Available Virtual  : 16642 MB
#-----------------------------------------------------------
source program_fpga.tcl
# proc die {msg} { puts "ERROR: $msg"; exit 1 }
# if {$argc < 1} { die "Passe o .bit como 1º argumento" }
# set bitfile [lindex $argv 0]
# set ltxfile ""
# if {$argc >= 2} { set ltxfile [lindex $argv 1] }
# set devname "xcau15p_0"
# if {$argc >= 3} { set devname [lindex $argv 2] }
# if {![file exists $bitfile]} { die "Bitstream não encontrado: $bitfile" }
# if {$ltxfile ne "" && ![file exists $ltxfile]} { die "LTX não encontrado: $ltxfile" }
# open_hw_manager
open_hw_manager: Time (s): cpu = 00:00:07 ; elapsed = 00:00:05 . Memory (MB): peak = 499.625 ; gain = 223.910
# connect_hw_server -url localhost:3121
INFO: [Labtools 27-2285] Connecting to hw_server url TCP:localhost:3121
INFO: [Labtools 27-2222] Launching hw_server...
INFO: [Labtools 27-2221] Launch Output:

****** Xilinx hw_server v2025.1
  **** Build date : May  6 2025 at 09:15:36
    ** Copyright 1986-2022 Xilinx, Inc. All Rights Reserved.


INFO: [Labtools 27-3415] Connecting to cs_server url TCP:localhost:0
INFO: [Labtools 27-3417] Launching cs_server...
INFO: [Labtools 27-2221] Launch Output:


******** Xilinx cs_server v2025.1.0
  ****** Build date   : May 13 2025-16:15:27
    **** Build number : 2025.1.1747163727
      ** Copyright 2017-2022 Xilinx, Inc. All Rights Reserved.
      ** Copyright 2022-2026 Advanced Micro Devices, Inc. All Rights Reserved.



connect_hw_server: Time (s): cpu = 00:00:00 ; elapsed = 00:00:06 . Memory (MB): peak = 503.605 ; gain = 3.980
# open_hw_target
INFO: [Labtoolstcl 44-466] Opening hw_target localhost:3121/xilinx_tcf/Xilinx/0ABC01
# set dev [get_hw_devices $devname]
# if {[llength $dev] == 0} {
#   puts "Devices visíveis: [get_hw_devices]"
#   die "Device '$devname' não encontrado."
# }
# current_hw_device $dev
# refresh_hw_device $dev
INFO: [Labtools 27-2302] Device xcau15p (JTAG device index = 0) is programmed with a design that has 1 VIO core(s).
WARNING: [Labtools 27-1347] Unable to find Debug Probes file []. Please update hw_device property [PROBES.FILE]
 Update of hw_probe objects, will be skipped.
WARNING: [Labtools 27-1974] Mismatch between the design programmed into the device xcau15p_0 and the probes file(s) .
The device design has 0 ILA core(s) and 1 VIO core(s). 0 ILA core(s) and 0 VIO core(s) are matched in the probes file(s).
Resolution: 
1. Reprogram device with the correct programming file and associated probes file(s) OR
2. Goto device properties and associate the correct probes file(s) with the programming file already programmed in the device.
# if {$ltxfile ne ""} {
#   set_property PROBES.FILE $ltxfile $dev
#   set_property FULL_PROBES.FILE $ltxfile $dev
# }
# set_property PROGRAM.FILE $bitfile $dev
# puts "Programando $devname"
Programando xcau15p_0
# puts "  BIT: $bitfile"
  BIT: C:\Projects\Vivado\aging_obi\bitstreams\croc_aging_phase-310.bit
# if {$ltxfile ne ""} { puts "  LTX: $ltxfile" }
  LTX: C:\Projects\Vivado\aging_obi\aging_obi.runs\impl_1\croc_xilinx.ltx
# program_hw_devices $dev
INFO: [Labtools 27-3164] End of startup status: HIGH
# refresh_hw_device $dev
INFO: [Labtools 27-2302] Device xcau15p (JTAG device index = 0) is programmed with a design that has 1 VIO core(s).
INFO: [Labtools 27-1889] Uploading output probe values for VIO core [hw_vio_1]
# puts "OK: FPGA programada."
OK: FPGA programada.
# exit 0
INFO: [Common 17-206] Exiting Vivado at Mon Jan 12 16:43:56 2026...
